<?xml version="1.0" encoding="UTF-8"?>
<!-- Generated by org.testng.reporters.JUnitReportReporter -->
<testsuite hostname="DESKTOP-OV5B7M2" failures="0" tests="2" name="herokupp.herokupTesting" time="35.420" errors="0" timestamp="2023-07-18T21:05:33 IST" skipped="0">
  <testcase classname="herokupp.herokupTesting" name="CheckBrokenImage" time="16.483"/>
  <system-out/>
  <testcase classname="herokupp.herokupTesting" name="uploadFile" time="18.937"/>
  <system-out/>
</testsuite> <!-- herokupp.herokupTesting -->
